[    0000]Initlingcgroupubs cpet
[    0.000000] Initializing cgroup subsys cpu
[    0.000000] Initializing cgroup subsys cpuacct
[    0.000000] Linux version 4.4.0-101-generic (buildd@lcy01-amd64-006) (gcc vesin .4.0 21609(Ubunt 5.06ubunt1~.0.5)  #4-untu SP i ov 10 8::5UTC 17Ubntu 4.0-11.1-geric.45)
[   0.000] Comanli: BOT_IMAG/boovmnu-4.4.001ener rt=ABEL=cudg-roots  cnsole=tt1 onol=ttyS0
  0.00000]ERL supprt cus:
[    0.000000]   Intel GenuineIntel
[    0.000000]   AMD AuthenticAMD
[    0.000000]   Centaur CentaurHauls
[    0.000000] ------------[ cut here ]------------
[    0.000000] WARNING: CPU: 0 PID: 0 at /build/linux-FmWmUC/linux-4.4.0/arch/x86/kernel/fpu/xstate.c:517 fpu__init_system_xstate+0x38b/0x75a()
[    0.000000] XSAVE consistency problem, dumping leaves
[    0.000] Modle lked n:
[    0.000000] CPU: 0 PID: 0 Comm: swapper Not tainted 4.4.0-101-generic #124-Ubuntu
[    0.000000]  0000000000000086 4f8ce00c60942e8b ffffffff81e03d80 ffffffff813fb4d3
[    0.000000]  ffffffff81e03dc8 ffffffff81caa910 ffffffff81e03db8 ffffffff810812e2
[    0.000000]  ffffffff81e03e48 ffffffff81e03e4c 0000000000000008 0000000000000100
[    0.000000] Call Trace:
[    0.000000]  [<ffffffff813fb4d3>] dump_stack+0x63/0x90
[    0.000000]  [<ffffffff810812e2>] warn_slowpath_common+0x82/0xc0
[    0.000000]  [<ffffffff8108137>]warn_swph_mt+0x5c/0x80

[    0.000000]  [<ffffffff8107cff0>] ? xfeature_size+0x59/0x77
[    0000]  fffff81f6e0b fu__ini_ste_xstate0x38b/x75a
[  000000]  [<ffffffff81f5e120>] ? early_idt_handler_array+0x120/0x120
[    0.000000]  [<ffffffff81f6db76>] fpu__init_system+0x10d/0x245
[    0.000000]  [<ffffffff81f6ec7f>] early_cpu_init+0x139/0x13e
[    0.000000]  [<ffffffff81f6ec7f>] ? early_cpu_init+0x139/0x13e
[    0.000000]  [<ffffffff81f6a181>] setup_arch+0xb4/0xcf6
[    0.000000]  [<ffffffff81f5e120>] ? early_idt_handler_array+0x120/0x120
[    0.000000]  [<ffffffff81f5ec74>] start_kernel+0xe4/0x4a2
[    0.000000]  [<ffffffff81f5e120>] ? early_idt_handler_array+0x120/0x120
[    0.000000]  [<ffffffff81f5e339>] x86_64_start_reservations+0x2a/0x2c
[    0.000000]  [<ffffffff81f5e485>] x86_64_start_kernel+0x14a/0x16d
[   00000] --[ d trace d59ff68c23]--
[    0.000000] CPUID[0d, 00]: eax=00000007 ebx=00000440 ecx=00000440 edx=00000000
[    0.000000] CPUID[0d, 01]: eax=00000000 ebx=000003c0 ecx=00000000 edx=00000000
[    0.000000] CPUID[0d, 02]: eax=00000100 ebx=00000240 ecx=00000000 edx=00000000
[    0.000000] CPUID[0d, 03]: eax=00000000 ebx=00000000 ecx=00000000 edx=00000000
[    0.00000] CPUI0d 0]: eax00000 ebx=0000 ecx=00000edx=00000
[    0000] CPIDd,05]: ex=00000 ebx=00000000 ecx=00000000 edx=00000000
[    0.000000] CPUID[0d, 06]: eax=00000000 ebx=00000000 ecx=00000000 edx=00000000
[    0.000000] CPUID[0d, 07]: eeax00000 ebx=0000 ecx00000 dx0000000
[   0.000] CIDd,08]: e=00000 e=000000 ec=00000 ex=0000
[   00000]PU[0, 09]: ex=00000 bx00000 ec=00000 ex=00000
[  00000 CID0d, a]ea=0000000 ex=000000cx=00000 ex=00000000
[    0.000000] CPUID[0d, 0b]: eax=00000000 ebx=00000000 ecx=0000000dx=00000
[    0.000000] CPUI0d0c]: ex=0000 ebx00000 ecx=0000ed00000
[   .000] CPIDd,d]: eax=0000ebx=0000 ecx00000 edx=0000
  0.0000] UI0d, 0e]:ax0000000eb000000 ecx=000000 edx=00000
[  0.0000] CPID0d 0]: eax000000ebx=0000 ecx00000 ed=00000
[   0.000] CPUID[d,10]: eax=00000000 ebx=00000000 ecx=00000000 edx=00000000
[    0.000000] CPUID[0d, 11]: eax=00000000 ebx=00000000 ecx=00000000 edx=00000000
[    0.000000] x86/fpu: xstate_offset[2]:  576, xstate_sizes[2]:  256
[    0.000000] x86/fpu: Supporting XSAVE feature 0x01: 'x87 floating point registers'
[    0.000000] x86/fpu: Supporting XSAVE feature 0x02: 'SSE registers'
[    0.000000] x86/fpu: Supporting XSAVE fetu 0x04: 'AVX registers'
[    0.000000] x86/fpu: Enabled xstate features0x, context size is 1088 bytes, using 'standard' format.
[    0.000000]86fpu: Using 'lazy' FPU context switches.
[    0.000000] e820: BIOS-provided physical RAM map:
[    0.000000] BIOS-e820: [mem 0x0000000000000000-0x000000000009fbff] usable
[    0.000000] BIOS-e820: mem x00000009f0-x00000009fff] esve
[   0.000] BIO-e820:mem x000000000f00-00000000fff] rserved
[    0.000000] BIOS-e820: [mem 00000000001000x0000000fefff] usable
[    0.000000] BIOS-e820: [mem 0x000000003fff0000-0x000000003fffffff] ACPI data
[    0.000000] BIOS-e820: [mem 0x00000000fffc0000-0x00000000ffffffff] reseve
[   00000 NX (Eece isableprection ati
    .0000]SMBIOS 2 psent.[  0.0000]yperviso dtete: KVM
[    0.000000] e820: last_pfn = 0x3fff0 max_arch_pfn = 0x400000000
[    0.000000] MTRR: Disabled
[    0.000000] x86/PAT: MTRRs disabled, skipping PAT initialization too.
[    0.000000] CPU MTRRs all blank  vtualedyste.
[    .000000] x86PA Cnfigraon0-7]: B T UC- C B T  U U 
[    0.000000] found SMP MP-table at [mem 0x0009fff0-0x0009ffff] mapped t ff800000ff]
[   00000] Scnng  areas fr owmemory orpton
   0.00000]RAMDISK:[mm 36aba00-3754fff]
[    0.000000] ACPI: Early table checksum verification disabled
[  0000000 APIRSDP0x000000000 000024 (v2 BOX  )
[  0.0000 ACPI: XDT0x000000FF0030003C(v01BO  VBXS 0000001AS 0000061)
[    0.000000] ACPI: FACP 0x000000003FFF00F0 0000F4 (v04 VBX   VBXFCP 0001 ASL 00001)
[  0000000 ACPI: DDTx000000003FF70 00211 (01BO   VOXIO0000002 TL20160108)
[    0.000000] ACPI: FACS 0x000000003FFF0200 000040
[    0.000000] ACPI: FACS 0x000000003FFF0200 000040
[    0.000000] ACPI: APIC 0x000000003FF00 0005C v0VBX   VBXAC 000001AS 00000)[   .0000] APISST 0x00003FFF02A0 0001CC (v01 VBOX   VBOXCPUT 00000002 INTL 20160108)
[    0.000000] No NUMA configuration found
[    0.000000] Faking a node at [mem 0x000000000000000-0x000000003ffeffff]
[    0.000000] NODE_DATA(0) allocated [mem 0x3ffeb000-0x3ffeffff]
[    0.000000] kvm-clock: Using msrs 4b564d01 and 4b564d00
[    0.000000] kvm-clock: cpu 0, ms 0:3ffe3001, primary cpu clok
[   .000] kvm-lo: sing sheofset of 944761 cycs[   0.000] clockoue:kvm-clock:as: 0xffffffffffffffff max_cycles: 0x1cd42e4dffb, max_idle_ns: 881590591483 ns
[    0.000000] Zone ranges:
[    0.000000]   DMA      [mem 0x0000000000001000-0x0000000000ffffff]
[    0.000000]   DMA32    [mem 0x0000000001000000-0x000000003ffeffff]
[    0.000000]   Normal   empty
[    0.000000]   Device   empty
[    0.000000] Movable zone start for each node
[    0.00000]arly memor ne anges[  0.000]  nde   0 [m x000000000000-0x000000000009efff]
[    0.000000]   node   0: [mem 0x0000000000100000-0x000000003ffeffff]
[    0.000000] Initmem setup node 0 [mem 0x0000000000001000-0x000000003ffeffff]
[    0.000000] ACPI: PM-Timer IO Port: 0x4008
[    0.000000] IOAPIC[0]: apic_id 2, version 17, address 0xfec00000, GSI 0-23
[    0.000000] ACPI: INT_SRC_OVR (bus 0 bus_irq 0 global_irq 2 dfl dfl)
[    0.000000] ACPI: INT_SRC_OVR (bus 0 bus_irq 9 global_irq 9 high level)
[    0.000000] Using ACPI (MADT) for SMP configuration information
[    0.000000] smpboot: Allowing 2 CPUs, 0 hotplug CPUs
[    0.000000] PM: Registered nosave memory: [mem 0x00000000-0x00000fff]
[    0.000000] PM: Registered nosave memory: [mem 0x0009f000-0x0009ffff]
[    0.000000] PM: Registered nosave memory: [mem 0x000a0000-0x000effff]
[    0.000000] PM: Registered nosave memory: [mem 0x000f0000-0x000fffff]
[    0.000000] e820: [mem 0x40000000-0xfffbffff] available for PCI devices
[    0.000000] Booting paravirtualized kernel on KVM
[    0.000000] clocksource: refined-jiffies: mask: 0xffffffff max_cycles: 0xffffffff, max_idle_ns: 7645519600211568 ns
[    0.000000] setup_percpu: NR_CPUS:512 nr_cpumask_bits:512 nr_cpu_ids:2 nr_node_ids:1
[    0.000000] PERCPU: Embedded 34 pages/cpu @ffff88003fc00000 s98328 r8192 d32744 u1048576
[    0.000000] PV qspinlock hash table entries: 256 (order: 0, 4096 bytes)
[    0.000000] Built 1 zonelists in Node order, mobility grouping on.  Total pages: 257913
[    0.000000] Policy zone: DMA32
[    0.000000] Kernel command line: BOOT_IMAGE=/boot/vmlinuz-4.4.0-101-generic root=LABEL=cloudimg-rootfs ro console=tty1 console=ttyS0
[    0.000000] PID hash table entries: 4096 (order: 3, 32768 bytes)
[    0.000000] Memory: 1017K/1081K ailabl (84 kerne ce, 1294K rwdaa,988Krota 149 it, 131 bs,4641K seved,0Kmareseed
[    0.000000] SLUB: HWalign=64, Order=0-3, MinObjects=0, CPUs=2, Nodes=1
[    0.000000] Hierarchical RCU implementation.
[    0.000000] 	Build-time adjustment of leaf fanout to 64.
[    0.000000] 	RCU restricting CPUs roNRPUS=51 tnrcpu_ds=2.
[   .00000RC: Adusngeeomety orcu_fanutea=6, nrpuds=2
  0.0000] _IS:3302nrrq:44016[    00000 Console clo VGA+ 8025[   0.000000] console [tty1] enabled
[    0.000000] console [ttyS0] enabled
[    0.0000000] tsc: Detected 2207.962 MHz processor
[   11.809284] Calibrating delay loop (skipped) preset value.. 4415.92 BogoMIPS (lpj=8831848)
[   11.946418] pid_max: default: 32768 minimum: 301
[   11.982628] ACPI: Core revision 20150930
[   11.983989] ACPI: 2 ACPI AML tables successfully acquired and loaded
[   12.085324] Security Framework initialized
[   12.168912] Yama: becoming mindful.
[   12.238564] AppArmor: AppArmor initialized
[   12.320800] Dentry cache hash table entries: 131072 (order: 8, 1048576 bytes)
[   12.350142] Inode-cache hash table entries: 65536 (order: 7, 524288 bytes)
[   12.351502] Mount-cache hash table entries: 2048 (order: 2, 16384 bytes)
[   12.389839] Mountpoint-cache hash table entries: 2048 (order: 2, 16384 bytes)
[   12.390990] Initializing cgroup subsys io
[   12.396925] Initializing cgroup subsys memory
[   12.397608] Initializing cgroup subsys devices
[   12.398308] Initializing cgroup subsys freezer
[   12.398994] Initializing cgroup subsys net_cls
[   12.399678] Initializing cgroup subsys perf_event
[   12.400402] Initializing cgroup subsys net_prio
[   12.401122] Initializing cgroup subsys hugetlb
[   12.401808] Initializing cgroup subsys pids
[   12.402537] CPU: Physical Processor ID: 0
[   12.403177] CPU: Processor Core ID: 0
[   12.404945] mce: CPU supports 0 MCE banks
[   12.417975] Last level iTLB entries: 4KB 64, 2MB 8, 4MB 8
[   12.418690] Last level dTLB entries: 4KB 64, 2MB 0, 4MB 0, 1GB 4
[   12.421015] Freeing SMP alternatives memory: 32K
[   12.428429] ftrace: allocating 32156 entries in 126 pages
[   12.548173] smpboot: APIC(0) Converting physical 0 to logical package 0
[   12.599000] smpboot: Max logical packages: 1
[   12.609250] ..TIMER: vector=0x30 apic1=0 pin1=2 apic2=-1 pin2=-1
[   12.721231] smpboot: CPU0: Intel(R) Core(TM) i5-7260U CPU @ 2.20GHz (family: 0x6, model: 0x8e, stepping: 0x9)
[   12.750659] Performance Events: unsupported p6 CPU model 142 no PMU driver, software events only.
[   12.752127] KVM setup paravirtual spinlock
[   12.753354] x86: Booting SMP configuration:
[   12.758059] .... node  #0, CPUs:      #1
[   12.759401] kvm-clock: cpu 1, msr 0:3ffe3041, secondary cpu clock
[   12.766713] mce: CPU supports 0 MCE banks
[   12.769047] x86: Booted up 1 node, 2 CPUs
[   12.769893] smpboot: Total of 2 processors activated (8831.84 BogoMIPS)
[   12.783157] devtmpfs: initialized
[   12.786303] evm: security.selinux
[   12.789281] evm: security.SMACK64
[   12.789853] evm: security.SMACK64EXEC
[   12.790501] evm: security.SMACK64TRANSMUTE
[   12.791147] evm: security.SMACK64MMAP
[   12.791793] evm: security.ima
[   12.797640] evm: security.capability
[   12.798598] clocksource: jiffies: mask: 0xffffffff max_cycles: 0xffffffff, max_idle_ns: 7645041785100000 ns
[   12.869139] futex hash table entries: 512 (order: 3, 32768 bytes)
[   12.974215] pinctrl core: initialized pinctrl subsystem
[   12.980394] RTC time: 15:45:12, date: 12/05/17
[   12.981602] NET: Registered protocol family 16
[   13.036695] cpuidle: using governor ladder
[   13.076832] cpuidle: using governor menu
[   13.132008] PCCT header not found.
[   13.132668] ACPI: bus type PCI registered
[   13.133325] acpiphp: ACPI Hot Plug PCI Controller Driver version: 0.5
[   13.134334] PCI: Using configuration type 1 for base access
[   13.145561] ACPI: Added _OSI(Module Device)
[   13.153305] ACPI: Added _OSI(Processor Device)
[   13.154011] ACPI: Added _OSI(3.0 _SCP Extensions)
[   13.154741] ACPI: Added _OSI(Processor Aggregator Device)
[   13.156105] ACPI: Executed 1 blocks of module-level executable AML code
[   13.160803] ACPI: Interpreter enabled
[   13.178671] ACPI: (supports S0 S5)
[   13.179265] ACPI: Using IOAPIC for interrupt routing
[   13.180162] PCI: Using host bridge windows from ACPI; if necessary, use "pci=nocrs" and report a bug
[   13.184092] ACPI: PCI Root Bridge [PCI0] (domain 0000 [bus 00-ff])
[   13.297034] acpi PNP0A03:00: _OSC: OS supports [ASPM ClockPM Segments MSI]
[   13.330670] acpi PNP0A03:00: _OSC failed (AE_NOT_FOUND); disabling ASPM
[   13.331516] acpi PNP0A03:00: fail to add MMCONFIG information, can't access extended PCI configuration space under this bridge.
[   13.333159] PCI host bridge to bus 0000:00
[   13.333908] pci_bus 0000:00: root bus resource [io  0x0000-0x0cf7 window]
[   13.337183] pci_bus 0000:00: root bus resource [io  0x0d00-0xffff window]
[   13.338018] pci_bus 0000:00: root bus resource [mem 0x000a0000-0x000bffff window]
[   13.339090] pci_bus 0000:00: root bus resource [mem 0x40000000-0xffdfffff window]
[   13.340157] pci_bus 0000:00: root bus resource [bus 00-ff]
[   13.342648] pci 0000:00:01.1: legacy IDE quirk: reg 0x10: [io  0x01f0-0x01f7]
[   13.366085] pci 0000:00:01.1: legacy IDE quirk: reg 0x14: [io  0x03f6]
[   13.367015] pci 0000:00:01.1: legacy IDE quirk: reg 0x18: [io  0x0170-0x0177]
[   13.368006] pci 0000:00:01.1: legacy IDE quirk: reg 0x1c: [io  0x0376]
[   13.388520] ACPI: PCI Interrupt Link [LNKA] (IRQs 5 9 10 11) *0, disabled.
[   13.395221] ACPI: PCI Interrupt Link [LNKB] (IRQs 5 9 10 *11)
[   13.425139] ACPI: PCI Interrupt Link [LNKC] (IRQs 5 9 *10 11)
[   13.517983] ACPI: PCI Interrupt Link [LNKD] (IRQs 5 *9 10 11)
[   13.554121] ACPI: Enabled 2 GPEs in block 00 to 07
[   13.589427] vgaarb: setting as boot device: PCI:0000:00:02.0
[   13.590178] vgaarb: device added: PCI:0000:00:02.0,decodes=io+mem,owns=io+mem,locks=none
[   13.591335] vgaarb: loaded
[   13.637902] vgaarb: bridge control possible 0000:00:02.0
[   13.710527] SCSI subsystem initialized
[   13.731887] ACPI: bus type USB registered
[   13.732492] usbcore: registered new interface driver usbfs
[   13.733226] usbcore: registered new interface driver hub
[   13.733945] usbcore: registered new device driver usb
[   13.780833] PCI: Using ACPI for IRQ routing
[   13.874335] NetLabel: Initializing
[   13.914157] NetLabel:  domain hash size = 128
[   13.914772] NetLabel:  protocols = UNLABELED CIPSOv4
[   13.915459] NetLabel:  unlabeled traffic allowed by default
[   13.916381] amd_nb: Cannot enumerate AMD northbridges
[   13.975426] clocksource: Switched to clocksource kvm-clock
[ 147161 ApAorAprmr leysemnaed[ 146037pn: P PIni
[   14.972645] pnp: PnP ACPI: found 3 devices

[   14.979188] clocksource: acpi_pm: mask: 0xffffff max_cycles: 0xffffff, max_idle_ns: 2085701024 ns
[   15.014845] NET: Registered protocol family 2
[   15.024692] TCP established hash table entries: 8192 (order: 4, 65536 bytes)
[   15.034889] TCP bind hash table entries: 8192 (order: 5, 131072 bytes)
[   15.035930] TCP: Hash tables configured (established 8192 bind 8192)
[   15.104289] UDP aash table entries: 512 (order: 2, 16384 bytes)
[   15.194724] UDP-Lite hash table entries: 512 (order: 2, 16384 bytes)
[   15.254455] NET: Registered protocol family 1
[   15.256723] pci 0000:00:00.0: Limiting direct PCI/PCI transfers
[   15.257487] pci 0000:00:01.0: Activating ISA DMA hang workarounds
[   15.314856] Unpacking initramfs...
[   16.845793] Freeing initrd memory: 10860K
[   16.894517] platform rtc_cmos: registered platform RTC device (no PNP device found)
[   16.895627] Scanning for low memory corruption every 60 seconds
[   16.896734] audit: initializing netlink subsys (disabled)
[   16.897454] audit: type=2000 audit(1512488707.904:1): initialized
[   16.898433] Initialise system trusted keyring
[   16.899226] HugeTLB registered 2 MB page size, pre-allocated 0 pages
[   16.955670] zbud: loaded
[   16.956386] VFS: Disk quotas dquot_6.6.0
[   16.956987] VFS: Dquot-cache hash table entries: 512 (order 0, 4096 bytes)
[   16.958230] squashfs: version 4.0 (2009/01/31) Phillip Lougher
[   17.024668] fuse init (API version 7.23)
[   17.025753] Key type big_key registered
[   17.074482] Allocating IMA MOK and blacklist keyrings.
[   17.095438] Key type asymmetric registered
[   17.134387] Asymmetric key parser 'x509' registered
[   17.135093] Block layer SCSI generic (bsg) driver version 0.4 loaded (major 249)
[   17.136250] io scheduler noop registered
[   17.136820] io scheduler deadline registered (default)
[   17.137521] io scheduler cfq registered
[   17.138162] pci_hotplug: PCI Hot Plug PCI Core version: 0.5
[   17.138880] pciehp: PCI Express Hot Plug Controller Driver version: 0.4
[   17.194577] ACPI: AC Adapter [AC] (on-lnne)
[   17.244399] input: Power Button as /devices/LNXSYSTM:00/LNXPWRBN:00/input/input0
[   17.314872] ACPI: Power Button [PWRF]
[   17.315509] input: Sleep Button as /devices/LNXSYSTM:00/LNXSLPBN:00/input/input1
[   17.316574] ACPI: Sleep Button [SLPF]
[   17.317274] GHES: HEST is not enabled!
[   17.317911] Serial: 8250/16550 driver, 32 ports, IRQ sharing enabled
[   77.340357] 00:02: ttyS0 at I/O 0x3f8 (irq = 4, base_baud = 115200) is a 16550A
[   17.435680] Linux agpgart interface v0.103
[   17.476662] loop: module loaded
[   17.484816] scsi host0: ata_piix
[   17.514420] scsi host1: ata_piix
[   17.534364] ata1: PATA max UDMA/33 cmd 0x1f0 ctl 0x3f6 bmdma 0xd000 irq 14
[   17.535195] ata2: PATA max UDMA/33 cmd 0x170 ctl 0x376 bmdma 0xd008 irq 15
[   17.536153] libphy: Fixed MDIO Bus: probed
[   17.536776] tun: Universal TUN/TAP device driver, 1.6
[   17.554522] tun: (C) 1999-2004 Max Krasnyansky <maxk@qualcomm.com>
[   17.555359] PPP generic driver version 2.4.2
[   17.556080] ehci_hcd: USB 2.0 'Enhanced' Host Controller (EHCI) Driver
[   17.556884] ehci-pci: EHCI PCI platform driver
[   17.557507] ehci-platform: EHCI generic platform driver
[   17.674305] ohci_hcd: USB 1.1 'Open' Host Controller (OHCI) Driver
[   17.675769] ohci-pci: OHCI PCI platform driver
[   17.714373] ohci-platform: OHCI generic platform driver
[   17.715073] uhci_hcd: USB Universal Host Controller Interface driver
[   17.715964] i8042: PNP: PS/2 Controller [PNP0303:PS2K,PNP0f03:PS2M] at 0x60,0x64 irq 1,12
[   17.905021] tsc: Refined TSC clocksource calibration: 2207.990 MHz
[   17.914681] clocksource: tsc: mask: 0xffffffffffffffff max_cycles: 0x1fd3aeb5d14, max_idle_ns: 440795226789 ns
[   17.915201] serio: i8042 KBD port at 0x60,0x64 irq 1
[   17.915207] serio: i8042 AUX port at 0x60,0x64 irq 12
[   17.917473] mousedev: PS/2 mouse device common for all mice
[   17.918608] input: AT Translated Set 2 keyboard as /devices/platform/i8042/serio0/input/input2
[   17.921440] rtc_cmos rtc_cmos: rtc core: registered rtc_cmos as rtc0
[   17.922417] rtc_cmos rtc_cmos: alarms up to one day, 114 bytes nvram
[   17.923367] i2c /dev entries driver
[   17.924039] device-mapper: uevent: version 1.0.3
[   17.930252] device-mapper: ioctl: 4.34.0-ioctl (2015-10-28) initialised: dm-devel@redhat.com
[   17.932804] ledtrig-cpu: registered to indicate activity on CPUs
[   17.934214] NET: Registered protocol family 10
[   17.936331] NET: Registered protocol family 17
[   17.954454] Key type dns_resolver registered
[   17.955315] microcode: CPU0 sig=0x806e9, pf=0x8, revision=0x0
[   17.957305] microcode: CPU1 sig=0x806e9, pf=0x8, revision=0x0
[   17.968262] microcode: Microcode Update Driver: v2.01 <tigran@aivazian.fsnet.co.uk>, Peter Oruba
[   17.970090] registered taskstats version 1
[   17.974495] Loading compiled-in X.509 certificates
[   17.982169] Loaded X.509 cert 'Build time autogenerated kernel key: f91c6829a34a801956ec6287af569c0a1f1f8d39'
[   17.984926] zswap: loaded using pool lzo/zbud
[   17.987396] Key type trusted registered
[   18.006517] Key type encrypted registered
[   18.080557] AppArmor: AppArmor sha1 policy hashing enabled
[   18.088907] ima: No TPM chip found, activating TPM-bypass!
[   18.089680] evm: HMAC attrs: 0x1
[   18.100485]   Magic number: 13:239:790
[   18.158502] rtc_cmos rtc_os sti sstem clock to 2017-12-05 15:45:18 UTC (1512488718)
[   18.548965] BIOS EDD facility v0.16 2004-Jun-25, 0 devices found
[   18.628018] EDD information not available.
[   18.629604] Freeing unused kernel memory: 1492K
[   18.673203] Write protecting the kernel read-only data: 14336k
[   18.674447] Freeing unused kernel memory: 1744K
[   18.684141] Freeing unused kernel memory: 108K
Loading, please wait...
starting version[   18.695457] random: systemd-udevd: uninitialized urandom read (16 bytes read, 3 bits of entropy available)
 229
[   18.705192] random: udevadm: uninitialized urandom read (16 bytes read, 3 bits of entropy available)
[   18.705207] random: udevadm: uninitialized urandom read (16 bytes read, 3 bits of entropy available)
[   18.712950] random: udevadm: uninitialized urandom read (16 bytes read, 3 bits of entropy available)
[   18.712979] random: udevadm: uninitialized urandom read (16 bytes read, 3 bits of entropy available)
[   18.713062] random: udevadm: uninitialized urandom read (16 bytes read, 3 bits of entropy available)
[   18.713092] random: udevadm: uninitialized urandom read (16 bytes read, 3 bits of entropy available)
[   18.713122] random: udevadm: uninitialized urandom read (16 bytes read, 3 bits of entropy available)
[   18.713153] random: udevadm: uninitialized urandom read (16 bytes read, 3 bits of entropy available)
[   18.713180] random: udevadm: uninitialized urandom read (16 bytes read, 3 bits of entropy available)
[   19.594722] e1000: Intel(R) PRO/1000 Network Driver - version 7.3.21-k8-NAPI
[   19.931613] e1000: Copyright (c) 1999-2006 Intel Corporation.
[   19.933220] Fusion MPT base driver 3.04.20
[   20.201608] Copyright (c) 1999-2008 LSI Corporation
[   20.415817] AVX version of gcm_enc/dec engaged.
[   20.423967] AES CTR mode by8 optimization enabled
[   20.445183] Fusion MPT SPI Host driver 3.04.20
[   20.602610] input: ImExPS/2 Generic Explorer Mouse as /devices/platform/i8042/serio1/input/input4
[   20.745063] e1000 0000:00:03.0 eth0: (PCI:33MHz:32-bit) 02:30:65:71:1a:9b
[   20.876376] e1000 0000:00:03.0 eth0: Intel(R) PRO/1000 Network Connection
[   21.462981] e1000 0000:00:08.0 eth1: (PCI:33MHz:32-bit) 08:00:27:60:33:1a
[   21.470106] e1000 0000:00:08.0 eth1: Intel(R) PRO/1000 Network Connection
[   21.480329] e1000 0000:00:03.0 enp0s3: renamed from eth0
[   21.634314] mptbase: ioc0: Initiating bringup
[   21.667717] e1000 0000:00:08.0 enp0s8: renamed from eth1
[   21.723739] ioc0: LSI53C1030 A0: Capabilities={Initiator}
[   21.979155] scsi host2: ioc0: LSI53C1030 A0, FwRev=00000000h, Ports=1, MaxQ=256, IRQ=20
[   22.384935] scsi 2:0:0:0: Direct-Access     VBOX     HARDDISK         1.0  PQ: 0 ANSI: 5
[   22.454697] scsi target2:0:0: Beginning Domain Validation
[   22.485600] scsi target2:0:0: Domain Validation skipping write tests
[   22.489553] scsi target2:0:0: Ending Domain Validation
[   22.490331] scsi target2:0:0: asynchronous
[   22.491411] scsi 2:0:1:0: Direct-Access     VBOX     HARDDISK         1.0  PQ: 0 ANSI: 5
[   22.507839] scsi target2:0:1: Beginning Domain Validation
[   22.510972] scsi target2:0:1: Domain Validation skipping write tests
[   22.565295] scsi target2:0:1: Ending Domain Validation
[   22.566465] scsi target2:0:1: asynchronous
[   22.573618] sd 2:0:0:0: Attached scsi generic sg0 type 0
[   22.573980] sd 2:0:0:0: [sda] 20971520 512-byte logical blocks: (10.7 GB/10.0 GiB)
[   22.574113] sd 2:0:0:0: [sda] Write Protect is off
[   22.574192] sd 2:0:0:0: [sda] Incomplete mode parameter data
[   22.574193] sd 2:0:0:0: [sda] Assuming drive cache: write through
[   22.616182]  sda: sda1
[   22.616662] sd 2:0:0:0: [sda] Attached SCSI disk
[   22.659313] sd 2:0:1:0: [sdb] 20480 512-byte logical blocks: (10.5 MB/10.0 MiB)
[   22.677485] sd 2:0:1:0: Attached scsi generic sg1 type 0
[   22.684057] sd 2:0:1:0: [sdb] Write Protect is off
[   22.724652] sd 2:0:1:0: [sdb] Incomplete mode parameter data
[   22.754578] sd 2:0:1:0: [sdb] Assuming drive cache: write through
[   22.757391] sd 2:0:1:0: [sdb] Attached SCSI disk
[   22.939681] floppy0: no floppy controllers found
Begin: Loading e[   24.543703] md: linear personality registered for level -1
ssential drivers ... [   24.557355] md: multipath personality registered for level -4
[   24.577622] md: raid0 personality registered for level 0
[   24.614592] md: raid1 personality registered for level 1
[   24.691458] raid6: sse2x1   gen()  9326 MB/s
[   24.795471] raid6: sse2x1   xor()  5494 MB/s
[   24.891435] raid6: sse2x2   gen() 11608 MB/s
[   24.971459] raid6: sse2x2   xor()  7537 MB/s
[   25.107469] raid6: sse2x4   gen() 12859 MB/s
[   25.259466] raid6: sse2x4   xor()  8693 MB/s
[   25.316113] raid6: using algorithm sse2x4 gen() 12859 MB/s
[   25.431720] raid6: .... xor() 8693 MB/s, rmw enabled
[   25.514569] raid6: using ssse3x2 recovery algorithm
[   25.600649] xor: automatically using best checksumming function:
[   25.660044]    avx       : 80256.000 MB/sec
[   25.685829] async_tx: api initialized (async)
[   25.719540] md: raid6 personality registered for level 6
[   25.745500] md: raid5 personality registered for level 5
[   25.746211] md: raid4 personality registered for level 4
[   25.751023] md: raid10 personality registered for level 10
done.
Begin: Ru[   25.833055] Btrfs loaded
nning /scripts/init-premount ... done.
Begin: Mounting root file system ... Begin: Running /scripts/local-top .[   25.866202] EXT4-fs (sda1): mounted filesystem with ordered data mode. Opts: (null)
.. done.
Begin: Running /scripts/local-premount ... Scanning for Btrfs filesystems
done.
Warning: fsck not present, so skipping root file system
done.
Begin: Running /scripts/local-bottom ... done.
Begin: Running /scripts/init-bottom ... done.
[   26.101757] systemd[1]: systemd 229 running in system mode. (+PAM +AUDIT +SELINUX +IMA +APPARMOR +SMACK +SYSVINIT +UTMP +LIBCRYPTSETUP +GCRYPT +GNUTLS +ACL +XZ -LZ4 +SECCOMP +BLKID +ELFUTILS +KMOD -IDN)
[   26.194022] systemd[1]: Detected virtualization oracle.
[   26.194722] systemd[1]: Detected architecture x86-64.

Welcome to [1mUbuntu 16.04.3 LTS[0m!

[   26.264147] systemd[1]: Set hostname to <ubuntu-xenial>.
[   26.410451] systemd[1]: Created slice System Slice.
[[0;32m  OK  [0m] Created slice System Slice.
[   26.454109] systemd[1]: Listening on Device-mapper event daemon FIFOs.
[[0;32m  OK  [0m] Listening on Device-mapper event daemon FIFOs.
[   26.459356] systemd[1]: Listening on LVM2 poll daemon socket.
[[0;32m  OK  [0m] Listening on LVM2 poll daemon socket.
[   26.461130] systemd[1]: Started Trigger resolvconf update for networkd DNS.
[[0;32m  OK  [0m] Started Trigger resolvconf update for networkd DNS.
[   26.463306] systemd[1]: Started Forward Password Requests to Wall Directory Watch.
[[0;32m  OK  [0m] Started Forward Password Requests to Wall Directory Watch.
[   26.466594] systemd[1]: Reached target Swap.
[[0;32m  OK  [0m] Reached target Swap.
[   26.468087] systemd[1]: Listening on udev Kernel Socket.
[[0;32m  OK  [0m] Listening on udev Kernel Socket.
[   26.469927] systemd[1]: Created slice User and Session Slice.
[[0;32m  OK  [0m] Created slice User and Session Slice.
[   26.471662] systemd[1]: Reached target Slices.
[[0;32m  OK  [0m] Reached target Slices.
[   26.487688] systemd[1]: Created slice system-serial\x2dgetty.slice.
[[0;32m  OK  [0m] Created slice system-serial\x2dgetty.slice.
[   26.494391] systemd[1]: Listening on udev Control Socket.
[[0;32m  OK  [0m] Listening on udev Control Socket.
[   26.496992] systemd[1]: Reached target Encrypted Volumes.
[[0;32m  OK  [0m] Reached target Encrypted Volumes.
[   26.498671] systemd[1]: Listening on /dev/initctl Compatibility Named Pipe.
[[0;32m  OK  [0m] Listening on /dev/initctl Compatibility Named Pipe.
[   26.500654] systemd[1]: Listening on Journal Socket.
[[0;32m  OK  [0m] Listening on Journal Socket.
[   26.511782] systemd[1]: Starting Set console keymap...
         Starting Set console keymap...
[   26.637153] systemd[1]: Mounting POSIX Message Queue File System...
         Mounting POSIX Message Queue File System...
[   26.691725] systemd[1]: Starting Nameserver information manager...
         Starting Nameserver information manager...
[   26.700325] systemd[1]: Mounting Debug File System...
         Mounting Debug File System...
[   26.707609] systemd[1]: Starting Create list of required static device nodes for the current kernel...
[   26.721985] random: nonblocking pool is initialized
         Starting Create list of required st... nodes for the current kernel...
[   26.725107] systemd[1]: Starting Remount Root and Kernel File Systems...
         Starting Remount Root and Kernel File Systems...
[   26.731318] systemd[1]: Mounting Huge Pages File System...
[   26.745775] EXT4-fs (sda1): re-mounted. Opts: (null)
         Mounting Huge Pages File System...
[   26.936269] systemd[1]: Listening on Journal Socket (/dev/log).
[[0;32m  OK  [0m] Listening on Journal Socket (/dev/log).
[   27.035018] systemd[1]: Listening on LVM2 metadata daemon socket.
[[0;32m  OK  [0m] Listening on LVM2 metadata daemon socket.
[   27.047838] systemd[1]: Starting Monitoring of LVM2 mirrors, snapshots etc. using dmeventd or progress polling...
         Starting Monitoring of LVM2 mirrors... dmeventd or progress polling...
[   27.120133] systemd[1]: Starting Load Kernel Modules...
         [   27.221704] Loading iSCSI transport class v2.0-870.
Starting Load Kernel Modules...
[   27.344667] systemd[1]: Listening on Syslog Socket.
[[0;32m  OK  [0m] Listening on Syslog Socket.
[   27.346333] systemd[1]: Reached target User and Group Name Lookups.
[[0;32m  OK  [0m] Reached target User and Group Name Lookups.
[   27.429936] systemd[1]: Set up automount Arbitrary Executable File Formats File System Automount Point.
[[0;32m  OK  [0m] Set up automount Arbitrary Executab...ats File System Automount Point.
[   27.626904] systemd[1]: Listening on Journal Audit Socket.
[[0;32m  OK  [0m] Listening on Journal Audit Socket.
[   27.654420] systemd[1]: Starting Journal Service...
[   27.667374] iscsi: registered transport (tcp)
         Starting Journal Service...
[   27.710532] systemd[1]: Starting Uncomplicated firewall...
         Starting Uncomplicated firewall.[   27.746732] iscsi: registered transport (iser)
..
[   27.760283] systemd[1]: Mounted Debug File System.
[[0;32m  OK  [0m] Mounted Debug File System.
[   27.783095] systemd[1]: Mounted Huge Pages File System.
[[0;32m  OK  [0m] Mounted Huge Pages File System.
[   27.784589] systemd[1]: Mounted POSIX Message Queue File System.
[[0;32m  OK  [0m] Mounted POSIX Message Queue File System.
[   27.803012] systemd[1]: Started Journal Service.
[[0;32m  OK  [0m] Started Journal Service.
[[0;32m  OK  [0m] Started Set console keymap.
[[0;32m  OK  [0m] Started Create list of required sta...ce nodes for the current kernel.
[[0;32m  OK  [0m] Started Remount Root and Kernel File Systems.
[[0;32m  OK  [0m] Started Load Kernel Modules.
[[0;32m  OK  [0m] Started Uncomplicated firewall.
[[0;32m  OK  [0m] Started Nameserver information manager.
[[0;32m  OK  [0m] Started LVM2 metadata daemon.
         Mounting FUSE Control File System...
         Starting Apply Kernel Variables...
         Starting Initial cloud-init job (pre-networking)...
         Starting udev Coldplug all Devices...
         Starting Load/Save Random Seed...
         Starting Create Static Device Nodes in /dev...
         Starting Flush Journal to Persistent Storage...
[[0;32m  OK  [0m] Mounted FUSE Control File System.
[[0;32m  OK  [0m] Started Apply Kernel Variables.
[[0;32m  OK  [0m] Started Load/Save Random Seed.
[[0;32m  OK  [0m] Started udev Coldplug all Devices.
[[0;32m  OK  [0m] Started Create Static Device Nodes in /dev.
         Starting udev Kernel Device Manager...
[[0;32m  OK  [0m] Started Flush Journal to Persistent Storage.
[[0;32m  OK  [0m] Started udev Kernel Device Manager.
[[0;32m  OK  [0m] Started Monitoring of LVM2 mirrors,...ng dmeventd or progress polling.
[[0;32m  OK  [0m] Started Dispatch Password Requests to Console Directory Watch.
[[0;32m  OK  [0m] Reached target Local File Systems (Pre).
[[0;32m  OK  [0m] Reached target Local File Systems.
         Starting Tell Plymouth To Write Out Runtime Data...
         Starting LSB: AppArmor initialization...
         Starting Create Volatile Files and Directories...
         Starting Set console font and keymap...
[[0;32m  OK  [0m] Started Tell Plymouth To Write Out Runtime Data.
[[0;32m  OK  [0m] Started Create Volatile Files and Directories.
[[0;32m  OK  [0m] Reached target System Time Synchronized.
         Starting Update UTMP about System Boot/Shutdown...
[[0;32m  OK  [0m] Found device /dev/ttyS0.
[[0;32m  OK  [0m] Started LSB: AppArmor initialization.
[[0;32m  OK  [0m] Started Update UTMP about System Boot/Shutdown.
[[0;32m  OK  [0m] Listening on Load/Save RF Kill Switch Status /dev/rfkill Watch.
[   15.175962] cloud-init[438]: Cloud-init v. 17.1 running 'init-local' at Tue, 05 Dec 2017 15:45:28 +0000. Up 14.94 seconds.
[[0;32m  OK  [0m] Found device 82540EM Gigabit Ethern...r (PRO/1000 MT Desktop Adapter).
[[0;32m  OK  [0m] Started Set console font and keymap.
[[0;32m  OK  [0m] Started Initial cloud-init job (pre-networking).
[[0;32m  OK  [0m] Found device 82540EM Gigabit Ethern...r (PRO/1000 MT Desktop Adapter).
[[0;32m  OK  [0m] Reached target Network (Pre).
         Starting Raise network interfaces...
[[0;32m  OK  [0m] Started ifup for enp0s3.
[[0;32m  OK  [0m] Started ifup for enp0s8.
[[0;32m  OK  [0m] Created slice system-getty.slice.
[[0;32m  OK  [0m] Started Raise network interfaces.
[[0;32m  OK  [0m] Reached target Network.
         Starting Initial cloud-init job (metadata service crawler)...
[   18.188563] cloud-init[1047]: Cloud-init v. 17.1 running 'init' at Tue, 05 Dec 2017 15:45:31 +0000. Up 17.94 seconds.
[   18.228084] [[0;32m  OK  [0m] Started Initial cloud-init job (metadata service crawler).
cloud-init[1047]: ci-info: ++++++++++++++++++++++++++++++++++++++Net device info++++++++++++++++++++++++++++++++++++++[[0;32m  OK  [0m] Reached target Cloud-config availability.
[[0;32m  OK  [0m] Reached target Network is Online.

[   18.231021] cloud-init[1047]: ci-info: +--------+------+-----------------------------+---------------+-------+-------------------+
[   18.232283] cloud-init[1047]: ci-info: | Device |  Up  |           Address           |      Mask     | Scope |     Hw-Address    |
[   18.233480] cloud-init[1047]: ci-info: +--------+------+-----------------------------+---------------+-------+-------------------+
[   18.234669] cloud-init[1047]: ci-info: | enp0s3 | True |          10.0.2.15          | 255.255.255.0 |   .   | 02:30:65:71:1a:9b |
[   18.235866] cloud-init[1047]: ci-info: | enp0s3 | True |  fe80::30:65ff:fe71:1a9b/64 |       .       |  link | 02:30:65:71:1a:9b |
[   18.237094] cloud-init[1047]: ci-info: | enp0s8 | True |        192.168.33.10        | 255.255.255.0 |   .   | 08:00:27:60:33:1a |
[   18.238281] cloud-init[1047]: ci-info: | enp0s8 | True | fe80::a00:27ff:fe60:331a/64 |       .       |  link | 08:00:27:60:33:1a |
[   18.239471] cloud-init[1047]: ci-info: |   lo   | True |          127.0.0.1          |   255.0.0.0   |   .   |         .         |
[   18.240709] cloud-init[1047]: ci-info: |   lo   | True |           ::1/128           |       .       |  host |         .         |
[   18.241897] cloud-init[1047]: ci-info: +--------+------+-----------------------------+---------------+-------+-------------------+
[   18.243089] cloud-init[1047]: ci-info: ++++++++++++++++++++++++++++Route IPv4 info++++++++++++++++++++++++++++
[   18.244248]          Starting iSCSI initiator daemon (iscsid)...
[[0;32m  OK  [0m] Reached target System Initialization.
[[0;32m  OK  [0m] Started Daily Cleanup of Temporary Directories.
cloud-init[1047]: ci-info: +-------+--------------+----------+---------------+-----------+-------+
[   18.460896] [cloud-init[0;32m  OK  [0m[1047]: ] ci-info: | Route | Destination  | Gateway  |    Genmask    | Interface | Flags |Started ACPI Events Check.

[[0;32m  OK  [0m] Reached target Paths.
[   18.462153] cloud-init[1047]: ci-info: +-------+--------------+----------+---------------+-----------+-------+
[   18.647238] [cloud-init[0;32m  OK  [0m[1047]: ] ci-info: |   0   |   0.0.0.0    | 10.0.2.2 |    0.0.0.0    |   enp0s3  |   UG  |Started Timer to automatically refresh installed snaps.

[[0;32m  OK  [0m] Started Daily apt download activities.
[[0;32m  OK  [0m] Listening on ACPID Listen Socket.
[   18.647599] cloud-init[1047]: ci-info: |   1   |   10.0.2.0   | 0.0.0.0  | 255.255.255.0 |   enp0s3  |   U   |
[   18.665289]          cloud-initStarting LXD - unix socket.[1047]: 
ci-info: |   2   | 192.168.33.0 | 0.0.0.0  | 255.255.255.0 |   enp0s8  |   U   |
[   18.667452] [cloud-init[0;32m  OK  [0m[1047]: ] ci-info: +-------+--------------+----------+---------------+-----------+-------+Listening on UUID daemon activation socket.

[[0;32m  OK  [0m] Started Daily apt upgrade and clean activities.
[[0;32m  OK  [0m] Reached target Timers.
         Starting Socket activation for snappy daemon.
[[0;32m  OK  [0m] Listening on D-Bus System Message Bus Socket.
[[0;32m  OK  [0m] Listening on LXD - unix socket.
[[0;32m  OK  [0m] Listening on Socket activation for snappy daemon.
[[0;32m  OK  [0m] Started iSCSI initiator daemon (iscsid).
         Starting Login to default iSCSI targets...
[[0;32m  OK  [0m] Reached target Sockets.
[[0;32m  OK  [0m] Reached target Basic System.
         Starting Login Service...
[[0;32m  OK  [0m] Started Deferred execution scheduler.
         Starting System Logging Service...
         Starting LSB: Record successful boot for GRUB...
[[0;32m  OK  [0m] Started ACPI event daemon.
         Starting Accounts Service...
[[0;32m  OK  [0m] Started Regular background program processing daemon.
         Starting MySQL Community Server...
         Starting Snappy daemon...
         Starting Apply the settings specified in cloud-config...
         Starting /etc/rc.local Compatibility...
         Starting OpenBSD Secure Shell server...
[[0;32m  OK  [0m] Started Unattended Upgrades Shutdown.
[[0;32m  OK  [0m] Started D-Bus System Message Bus.
[[0;32m  OK  [0m] Started FUSE filesystem for LXC.
         Starting LSB: MD monitoring daemon...
         Starting LXD - container startup/shutdown...
[[0;32m  OK  [0m] Started System Logging Service.
[[0;32m  OK  [0m] Started OpenBSD Secure Shell server.
[[0;32m  OK  [0m] Started Snappy daemon.
[[0;32m  OK  [0m] Started /etc/rc.local Compatibility.
[[0;32m  OK  [0m] Started Login to default iSCSI targets.
[[0;32m  OK  [0m] Started LSB: Record successful boot for GRUB.
[[0;32m  OK  [0m] Started LXD - container startup/shutdown.
[[0;32m  OK  [0m] Started Login Service.
[[0;32m  OK  [0m] Started LSB: MD monitoring daemon.
[   19.411585] cloud-init[1138]: Cloud-init v. 17.1 running 'modules:config' at Tue, 05 Dec 2017 15:45:33 +0000. Up 19.30 seconds.
         Starting Authenticate and Authorize Users to Run Privileged Tasks...
[[0;32m  OK  [0m] Reached target Remote File Systems (Pre).
[[0;32m  OK  [0m] Reached target Remote File Systems.
         Starting LSB: daemon to balance interrupts for SMP systems...
         Starting LSB: automatic crash report generation...
         Starting LSB: Set the CPU Frequency Scaling governor to "ondemand"...
         Starting LSB: VirtualBox Linux Additions...
         Starting Permit User Sessions...
         Starting LSB: Apache2 web server...
[[0;32m  OK  [0m] Started Apply the settings specified in cloud-config.
[[0;32m  OK  [0m] Started Permit User Sessions.
[[0;32m  OK  [0m] Started Authenticate and Authorize Users to Run Privileged Tasks.
[[0;32m  OK  [0m] Started Accounts Service.
[[0;32m  OK  [0m] Started LSB: Set the CPU Frequency Scaling governor to "ondemand".
         Starting Hold until boot process finishes up...
         Starting Terminate Plymouth Boot Screen...
[[0;32m  OK  [0m] Started LSB: daemon to balance interrupts for SMP systems.
[[0;32m  OK  [0m] Started LSB: automatic crash report generation.
[[0;32m  OK  [0m] Started LSB: VirtualBox Linux Additions.
[[0;32m  OK  [0m] Started Hold until boot process finishes up.
[[0;32m  OK  [0m] Started Terminate Plymouth Boot Screen.
[[0;32m  OK  [0m] Started Getty on tty1.
[[0;32m  OK  [0m] Started Serial Getty on ttyS0.
[[0;32m  OK  [0m] Reached target Login Prompts.
         Starting Set console scheme...
[[0;32m  OK  [0m] Started Set console scheme.
[[0;32m  OK  [0m] Started MySQL Community Server.
[[0;32m  OK  [0m] Created slice User Slice of ubuntu.
         Starting User Manager for UID 1000...
[[0;32m  OK  [0m] Started User Manager for UID 1000.
[[0;32m  OK  [0m] Started Session 1 of user ubuntu.
[[0;32m  OK  [0m] Started LSB: Apache2 web server.
[[0;32m  OK  [0m] Reached target Multi-User System.
         Starting Execute cloud user/final scripts...
[[0;32m  OK  [0m] Reached target Graphical Interface.
         Starting Update UTMP about System Runlevel Changes...
[[0;32m  OK  [0m] Started Update UTMP about System Runlevel Changes.
[   21.253813] cloud-init[1369]: Cloud-init v. 17.1 running 'modules:final' at Tue, 05 Dec 2017 15:45:35 +0000. Up 21.16 seconds.
[   21.268281] cloud-init[1369]: Cloud-init v. 17.1 finished at Tue, 05 Dec 2017 15:45:35 +0000. Datasource DataSourceNoCloud [seed=/dev/sdb][dsmode=net].  Up 21.24 seconds
[[0;32m  OK  [0m] Started Execute cloud user/final scripts.
[[0;32m  OK  [0m] Reached target Cloud-init target.

Ubuntu 16.04.3 LTS ubuntu-xenial ttyS0

ubuntu-xenial login: 